c:\libraryprojects\scratchserverlibrary\scratchserverlibrary\x64\debug\scratchserverlibrary.pch
c:\libraryprojects\scratchserverlibrary\scratchserverlibrary\x64\debug\vc143.pdb
c:\libraryprojects\scratchserverlibrary\scratchserverlibrary\x64\debug\vc143.idb
c:\libraryprojects\scratchserverlibrary\scratchserverlibrary\x64\debug\pch.obj
c:\libraryprojects\scratchserverlibrary\scratchserverlibrary\x64\debug\scratchnetserver.obj
c:\libraryprojects\scratchserverlibrary\scratchserverlibrary\x64\debug\dllmain.obj
c:\libraryprojects\scratchserverlibrary\scratchserverlibrary\x64\debug\clientrecord.obj
c:\libraryprojects\scratchserverlibrary\x64\debug\scratchserverlibrary.dll
c:\libraryprojects\scratchserverlibrary\x64\debug\scratchserverlibrary.pdb
c:\libraryprojects\scratchserverlibrary\x64\debug\scratchserverlibrary.lib
c:\libraryprojects\scratchserverlibrary\x64\debug\scratchserverlibrary.exp
c:\libraryprojects\scratchserverlibrary\scratchserverlibrary\x64\debug\scratchserverlibrary.ilk
c:\libraryprojects\scratchserverlibrary\scratchserverlibrary\x64\debug\scratchs.27a41aa1.tlog\cl.command.1.tlog
c:\libraryprojects\scratchserverlibrary\scratchserverlibrary\x64\debug\scratchs.27a41aa1.tlog\cl.items.tlog
c:\libraryprojects\scratchserverlibrary\scratchserverlibrary\x64\debug\scratchs.27a41aa1.tlog\cl.read.1.tlog
c:\libraryprojects\scratchserverlibrary\scratchserverlibrary\x64\debug\scratchs.27a41aa1.tlog\cl.write.1.tlog
c:\libraryprojects\scratchserverlibrary\scratchserverlibrary\x64\debug\scratchs.27a41aa1.tlog\link.command.1.tlog
c:\libraryprojects\scratchserverlibrary\scratchserverlibrary\x64\debug\scratchs.27a41aa1.tlog\link.read.1.tlog
c:\libraryprojects\scratchserverlibrary\scratchserverlibrary\x64\debug\scratchs.27a41aa1.tlog\link.secondary.1.tlog
c:\libraryprojects\scratchserverlibrary\scratchserverlibrary\x64\debug\scratchs.27a41aa1.tlog\link.write.1.tlog
